<?xml version="1.0" encoding="UTF-8"?>
<testsuite xmlns:xsi="http://www.w3.org/2001/XMLSchema-instance" xsi:noNamespaceSchemaLocation="https://maven.apache.org/surefire/maven-surefire-plugin/xsd/surefire-test-report.xsd" name="com.example.StringCalculatorTest" time="0.095" tests="6" errors="0" skipped="0" failures="0">
  <properties>
[...]
</properties>
  <testcase name="returnRightSumForDigits{String, int}[1]" classname="com.example.StringCalculatorTest" time="0.047"/>
  <testcase name="returnRightSumForDigits{String, int}[2]" classname="com.example.StringCalculatorTest" time="0.001"/>
  <testcase name="returnLeftForDigits{String}[1]" classname="com.example.StringCalculatorTest" time="0.002"/>
  <testcase name="returnLeftForDigits{String}[2]" classname="com.example.StringCalculatorTest" time="0.001"/>
  <testcase name="returnLeftForDigits{String}[3]" classname="com.example.StringCalculatorTest" time="0"/>
  <testcase name="returnZeroForEmptyString" classname="com.example.StringCalculatorTest" time="0.001"/>
</testsuite>